[2026-02-01 04:39:57,920]: Welocome to our custom logging datascience project: main: Welocome to our custom logging datascience project]
[2026-02-01 19:20:14,990]: yaml file: config\config.yaml loaded successfully: common: yaml file: config\config.yaml loaded successfully]
[2026-02-01 19:24:17,193]: yaml file: config\config.yaml loaded successfully: common: yaml file: config\config.yaml loaded successfully]
[2026-02-01 19:24:20,569]: yaml file: config\config.yaml loaded successfully: common: yaml file: config\config.yaml loaded successfully]
[2026-02-01 19:25:32,155]: yaml file: config\config.yaml loaded successfully: common: yaml file: config\config.yaml loaded successfully]
[2026-02-01 19:29:04,500]: yaml file: config\config.yaml loaded successfully: common: yaml file: config\config.yaml loaded successfully]
[2026-02-01 19:29:14,869]: yaml file: config\config.yaml loaded successfully: common: yaml file: config\config.yaml loaded successfully]
[2026-02-01 19:29:16,119]: yaml file: config\config.yaml loaded successfully: common: yaml file: config\config.yaml loaded successfully]
[2026-02-01 19:29:16,764]: yaml file: config\config.yaml loaded successfully: common: yaml file: config\config.yaml loaded successfully]
[2026-02-01 19:29:17,416]: yaml file: config\config.yaml loaded successfully: common: yaml file: config\config.yaml loaded successfully]
[2026-02-01 19:29:18,040]: yaml file: config\config.yaml loaded successfully: common: yaml file: config\config.yaml loaded successfully]
[2026-02-01 19:29:29,920]: yaml file: config\config.yaml loaded successfully: common: yaml file: config\config.yaml loaded successfully]
[2026-02-01 19:30:44,144]: yaml file: config\config.yaml loaded successfully: common: yaml file: config\config.yaml loaded successfully]
[2026-02-01 19:30:44,147]: yaml file: config\params.yaml loaded successfully: common: yaml file: config\params.yaml loaded successfully]
[2026-02-01 19:30:44,149]: yaml file: config\schema.yaml loaded successfully: common: yaml file: config\schema.yaml loaded successfully]
[2026-02-01 19:30:44,149]: created directory at: artifacts: common: created directory at: artifacts]
[2026-02-01 19:30:44,149]: created directory at: artifacts/data_ingestion: common: created directory at: artifacts/data_ingestion]
[2026-02-01 19:30:45,392]: artifacts/data_ingestion/data.zip download! with following info: 
Connection: close
Content-Length: 23329
Cache-Control: max-age=300
Content-Security-Policy: default-src 'none'; style-src 'unsafe-inline'; sandbox
Content-Type: application/zip
ETag: "c69888a4ae59bc5a893392785a938ccd4937981c06ba8a9d6a21aa52b4ab5b6e"
Strict-Transport-Security: max-age=31536000
X-Content-Type-Options: nosniff
X-Frame-Options: deny
X-XSS-Protection: 1; mode=block
X-GitHub-Request-Id: B355:55D10:283247:65128F:697F5C9C
Accept-Ranges: bytes
Date: Sun, 01 Feb 2026 14:01:00 GMT
Via: 1.1 varnish
X-Served-By: cache-ccu830035-CCU
X-Cache: MISS
X-Cache-Hits: 0
X-Timer: S1769954460.287721,VS0,VE322
Vary: Authorization,Accept-Encoding
Access-Control-Allow-Origin: *
Cross-Origin-Resource-Policy: cross-origin
X-Fastly-Request-ID: 7222868b681f29d243e728dbbfe71c324e1d67bc
Expires: Sun, 01 Feb 2026 14:06:00 GMT
Source-Age: 0

: 60188058: artifacts/data_ingestion/data.zip download! with following info: 
Connection: close
Content-Length: 23329
Cache-Control: max-age=300
Content-Security-Policy: default-src 'none'; style-src 'unsafe-inline'; sandbox
Content-Type: application/zip
ETag: "c69888a4ae59bc5a893392785a938ccd4937981c06ba8a9d6a21aa52b4ab5b6e"
Strict-Transport-Security: max-age=31536000
X-Content-Type-Options: nosniff
X-Frame-Options: deny
X-XSS-Protection: 1; mode=block
X-GitHub-Request-Id: B355:55D10:283247:65128F:697F5C9C
Accept-Ranges: bytes
Date: Sun, 01 Feb 2026 14:01:00 GMT
Via: 1.1 varnish
X-Served-By: cache-ccu830035-CCU
X-Cache: MISS
X-Cache-Hits: 0
X-Timer: S1769954460.287721,VS0,VE322
Vary: Authorization,Accept-Encoding
Access-Control-Allow-Origin: *
Cross-Origin-Resource-Policy: cross-origin
X-Fastly-Request-ID: 7222868b681f29d243e728dbbfe71c324e1d67bc
Expires: Sun, 01 Feb 2026 14:06:00 GMT
Source-Age: 0

]
[2026-02-02 04:35:27,214]: >>>>>> stage Data Ingestion Stage started <<<<<<: main: >>>>>> stage Data Ingestion Stage started <<<<<<]
[2026-02-02 04:35:27,235]: name 'DataIngestionTrainingPipeline' is not defined: main: name 'DataIngestionTrainingPipeline' is not defined]
Traceback (most recent call last):
  File "E:\MLOPS\Data-Science-Project\main.py", line 8, in <module>
    data_ingestion = DataIngestionTrainingPipeline()
                     ^^^^^^^^^^^^^^^^^^^^^^^^^^^^^
NameError: name 'DataIngestionTrainingPipeline' is not defined. Did you mean: 'DataIngestionPipeline'?
[2026-02-02 04:35:50,710]: >>>>>> stage Data Ingestion Stage started <<<<<<: main: >>>>>> stage Data Ingestion Stage started <<<<<<]
[2026-02-02 04:35:50,726]: yaml file: config\config.yaml loaded successfully: common: yaml file: config\config.yaml loaded successfully]
[2026-02-02 04:35:50,726]: yaml file: config\params.yaml loaded successfully: common: yaml file: config\params.yaml loaded successfully]
[2026-02-02 04:35:50,726]: yaml file: config\schema.yaml loaded successfully: common: yaml file: config\schema.yaml loaded successfully]
[2026-02-02 04:35:50,726]: created directory at: artifacts: common: created directory at: artifacts]
[2026-02-02 04:35:50,726]: 'NoneType' object has no attribute 'local_data_file': main: 'NoneType' object has no attribute 'local_data_file']
Traceback (most recent call last):
  File "E:\MLOPS\Data-Science-Project\main.py", line 9, in <module>
    data_ingestion.initiate_data_ingestion()
  File "E:\MLOPS\Data-Science-Project\src\datascience\pipeline\data_ingestion_pipeline.py", line 16, in initiate_data_ingestion
    data_ingestion.download_file()
  File "E:\MLOPS\Data-Science-Project\src\datascience\components\data_ingestion.py", line 16, in download_file
    if not os.path.exists(self.config.local_data_file):
                          ^^^^^^^^^^^^^^^^^^^^^^^^^^^
AttributeError: 'NoneType' object has no attribute 'local_data_file'
[2026-02-02 04:39:35,364]: >>>>>> stage Data Ingestion Stage started <<<<<<: main: >>>>>> stage Data Ingestion Stage started <<<<<<]
[2026-02-02 04:39:35,368]: yaml file: config\config.yaml loaded successfully: common: yaml file: config\config.yaml loaded successfully]
[2026-02-02 04:39:35,368]: yaml file: config\params.yaml loaded successfully: common: yaml file: config\params.yaml loaded successfully]
[2026-02-02 04:39:35,368]: yaml file: config\schema.yaml loaded successfully: common: yaml file: config\schema.yaml loaded successfully]
[2026-02-02 04:39:35,368]: created directory at: artifacts: common: created directory at: artifacts]
[2026-02-02 04:39:35,368]: created directory at: artifacts/data_ingestion: common: created directory at: artifacts/data_ingestion]
[2026-02-02 04:39:35,368]: File already exists: data_ingestion: File already exists]
